<?xml version="1.0" encoding="UTF-8"?>
<testng-results ignored="0" total="1" passed="1" failed="0" skipped="0">
  <reporter-output>
  </reporter-output>
  <suite started-at="2022-12-03T12:30:59 WIB" name="Default suite" finished-at="2022-12-03T12:31:46 WIB" duration-ms="47218">
    <groups>
      <group name="cucumber">
        <method signature="AbstractTestNGCucumberTests.runScenario(io.cucumber.testng.PickleWrapper, io.cucumber.testng.FeatureWrapper)[pri:0, instance:com.dhimas.belajar.belajarcucumber3.RunnerPostTest20@5fbdfdcf]" name="runScenario" class="io.cucumber.testng.AbstractTestNGCucumberTests"/>
      </group> <!-- cucumber -->
    </groups>
    <test started-at="2022-12-03T12:30:59 WIB" name="Default test" finished-at="2022-12-03T12:31:46 WIB" duration-ms="47218">
      <class name="com.dhimas.belajar.belajarcucumber3.RunnerPostTest20">
        <test-method is-config="true" signature="setUpClass()[pri:0, instance:com.dhimas.belajar.belajarcucumber3.RunnerPostTest20@5fbdfdcf]" started-at="2022-12-03T12:30:59 WIB" name="setUpClass" finished-at="2022-12-03T12:31:00 WIB" duration-ms="627" status="PASS">
          <reporter-output>
          </reporter-output>
        </test-method> <!-- setUpClass -->
        <test-method signature="runScenario(io.cucumber.testng.PickleWrapper, io.cucumber.testng.FeatureWrapper)[pri:0, instance:com.dhimas.belajar.belajarcucumber3.RunnerPostTest20@5fbdfdcf]" started-at="2022-12-03T12:31:00 WIB" name="runScenario" description="Runs Cucumber Scenarios" data-provider="scenarios" finished-at="2022-12-03T12:31:46 WIB" duration-ms="46494" status="PASS">
          <params>
            <param index="0">
              <value>
                <![CDATA["Input PaymentGateway"]]>
              </value>
            </param>
            <param index="1">
              <value>
                <![CDATA["PaymentGateway from payment module"]]>
              </value>
            </param>
          </params>
          <reporter-output>
          </reporter-output>
        </test-method> <!-- runScenario -->
        <test-method is-config="true" signature="tearDownClass()[pri:0, instance:com.dhimas.belajar.belajarcucumber3.RunnerPostTest20@5fbdfdcf]" started-at="2022-12-03T12:31:46 WIB" name="tearDownClass" finished-at="2022-12-03T12:31:46 WIB" duration-ms="14" status="PASS">
          <reporter-output>
          </reporter-output>
        </test-method> <!-- tearDownClass -->
      </class> <!-- com.dhimas.belajar.belajarcucumber3.RunnerPostTest20 -->
    </test> <!-- Default test -->
  </suite> <!-- Default suite -->
</testng-results>
